This is LuaHBTeX, Version 1.22.0 (MiKTeX 25.4) (format=lualatex 2025.6.26)  30 OCT 2025 10:54
 restricted system commands enabled.
**document.tex
(./document.tex
LaTeX2e <2024-11-01> patch level 2
L3 programming layer <2025-04-14>
Lua module: luaotfload 2024-12-03 v3.29 Lua based OpenType font support
Lua module: lualibs 2023-07-13 v2.76 ConTeXt Lua standard libraries.
Lua module: lualibs-extended 2023-07-13 v2.76 ConTeXt Lua libraries -- extended 
collection.
luaotfload | conf : Root cache directory is "C:/Users/UserPC/AppData/Local/MiKTe
X/luatex-cache/generic/names".
luaotfload | init : Loading fontloader "fontloader-2023-12-28.lua" from kpse-res
olved path "C:/Users/UserPC/AppData/Local/Programs/MiKTeX/tex/luatex/luaotfload/
fontloader-2023-12-28.lua".
Lua-only attribute luaotfload@noligature = 1
luaotfload | init : Context OpenType loader version 3.134
Inserting `luaotfload.node_processor' in `pre_linebreak_filter'.
Inserting `luaotfload.node_processor' in `hpack_filter'.
Inserting `luaotfload.glyph_stream' in `glyph_stream_provider'.
Inserting `luaotfload.define_font' in `define_font'.
Lua-only attribute luaotfload_color_attribute = 2
luaotfload | conf : Root cache directory is "C:/Users/UserPC/AppData/Local/MiKTe
X/luatex-cache/generic/names".
Inserting `luaotfload.harf.strip_prefix' in `find_opentype_file'.
Inserting `luaotfload.harf.strip_prefix' in `find_truetype_file'.
Removing  `luaotfload.glyph_stream' from `glyph_stream_provider'.
Inserting `luaotfload.harf.glyphstream' in `glyph_stream_provider'.
Inserting `luaotfload.harf.finalize_vlist' in `post_linebreak_filter'.
Inserting `luaotfload.harf.finalize_hlist' in `hpack_filter'.
Inserting `luaotfload.cleanup_files' in `wrapup_run'.
Inserting `luaotfload.harf.finalize_unicode' in `finish_pdffile'.
Inserting `luaotfload.glyphinfo' in `glyph_info'.
Lua-only attribute luaotfload.letterspace_done = 3
Inserting `luaotfload.aux.set_sscale_dimens' in `luaotfload.patch_font'.
Inserting `luaotfload.aux.set_font_index' in `luaotfload.patch_font'.
Inserting `luaotfload.aux.patch_cambria_domh' in `luaotfload.patch_font'.
Inserting `luaotfload.aux.fixup_fontdata' in `luaotfload.patch_font_unsafe'.
Inserting `luaotfload.aux.set_capheight' in `luaotfload.patch_font'.
Inserting `luaotfload.aux.set_xheight' in `luaotfload.patch_font'.
Inserting `luaotfload.rewrite_fontname' in `luaotfload.patch_font'.
Inserting `tracingstacklevels' in `input_level_string'. (C:/Users/UserPC/AppDat
a/Local/Programs/MiKTeX/tex/latex/exam/exam.cls
Document Class: exam 2023/07/09 Version 2.704 by Philip Hirschhorn
(C:/Users/UserPC/AppData/Local/Programs/MiKTeX/tex/latex/base/ifthen.sty
Package: ifthen 2024/03/16 v1.1e Standard LaTeX ifthen package (DPC)
)
(C:/Users/UserPC/AppData/Local/Programs/MiKTeX/tex/latex/base/article.cls
Document Class: article 2024/06/29 v1.4n Standard LaTeX document class
(C:/Users/UserPC/AppData/Local/Programs/MiKTeX/tex/latex/base/size12.clo
File: size12.clo 2024/06/29 v1.4n Standard LaTeX file (size option)
luaotfload | db : Font names database loaded from C:/Users/UserPC/AppData/Local/
MiKTeX/luatex-cache/generic/names/luaotfload-names.luc.gz)
\c@part=\count270
\c@section=\count271
\c@subsection=\count272
\c@subsubsection=\count273
\c@paragraph=\count274
\c@subparagraph=\count275
\c@figure=\count276
\c@table=\count277
\abovecaptionskip=\skip49
\belowcaptionskip=\skip50
\bibindent=\dimen145
)
\@extrawidth=\skip51
\@rightmargin=\skip52
\@extrahead=\skip53
\@extrafoot=\skip54
\run@exhd=\skip55
\fp@exhd=\skip56
\run@exft=\skip57
\fp@exft=\skip58
\covrun@exhd=\skip59
\covfp@exhd=\skip60
\covrun@exft=\skip61
\covfp@exft=\skip62
\c@num@coverpages=\count278
\c@latest@ques=\count279
\c@ques@end=\count280
\c@last@object=\count281
\c@incmp@ques=\count282
\c@next@ques=\count283
\c@next@page=\count284
\c@tmp@hlfcntr=\count285
\c@ifpos@cntr=\count286
\c@question=\count287
\c@partno=\count288
\c@subpart=\count289
\c@subsubpart=\count290
\c@choice=\count291
\c@numpoints=\count292
\c@numbonuspoints=\count293
\c@pointsof@thisquestion=\count294
\c@bonuspointsof@thisquestion=\count295
\c@numquestions=\count296
\c@numparts=\count297
\c@numsubparts=\count298
\c@numsubsubparts=\count299
\c@Curr@Page=\count300
\c@@pagepoints=\count301
\c@@pagebonuspoints=\count302
\c@pageof@pagepoints=\count303
\c@pageof@pagebonuspoints=\count304
\c@latest@points=\count305
\c@latest@bonuspoints=\count306
\pageinfo@commands=\toks17
\temp@toks=\toks18
\pagepoint@commands=\toks19
\point@toks=\toks20
\c@ques@object=\count307
\marginpointssep=\skip63
\rightpointsmargin=\skip64
\choice@toks=\toks21
\answerlinelength=\skip65
\answerskip=\skip66
\answerclearance=\skip67
\fillinlinelength=\skip68
\linefillheight=\skip69
\linefillthickness=\skip70
\dottedlinefillheight=\skip71
\gridsize=\skip72
\gridlinewidth=\skip73
\minboxheight=\skip74
\c@@iterator=\count308
\@cellwidth=\skip75
\c@tbl@points=\count309
\c@tbl@bonuspoints=\count310
\c@pq@index=\count311
\c@pq@index@pts=\count312
\c@pq@index@bpts=\count313
\c@num@cols=\count314
\c@num@rows=\count315
\c@current@row=\count316
\c@cols@done=\count317
\c@exam@saved@eqnum=\count318
\exam@box=\box53
\saved@totalleftmargin=\dimen146
\@sollistdepth=\count319
\exam@FrameRule=\dimen147
\exam@FrameSep=\dimen148
)
(C:/Users/UserPC/AppData/Local/Programs/MiKTeX/tex/generic/babel/babel.sty
Package: babel 2025/04/29 v25.8 The multilingual framework for pdfLaTeX, LuaLaT
eX and XeLaTeX

(C:/Users/UserPC/AppData/Local/Programs/MiKTeX/tex/generic/babel/luababel.def
\bbl@readstream=\read2
\l@afrikaans=\language2
Package babel Info: Non-standard hyphenation setup on input line 118.
\l@ancientgreek=\language3
\l@armenian=\language4
\l@assamese=\language5
\l@basque=\language6
\l@belarusian=\language7
\l@bengali=\language8
\l@bokmal=\language9
\l@bulgarian=\language10
\l@catalan=\language11
\l@churchslavonic=\language12
\l@classiclatin=\language13
\l@coptic=\language14
\l@croatian=\language15
\l@czech=\language16
\l@danish=\language17
\l@dutch=\language18
\l@esperanto=\language19
\l@estonian=\language20
\l@ethiopic=\language21
\l@finnish=\language22
\l@french=\language23
\l@friulan=\language24
\l@galician=\language25
\l@georgian=\language26
\l@german=\language27
\l@greek=\language28
\l@gujarati=\language29
\l@hindi=\language30
\l@hungarian=\language31
\l@icelandic=\language32
\l@indonesian=\language33
\l@interlingua=\language34
\l@irish=\language35
\l@italian=\language36
\l@kannada=\language37
\l@kurmanji=\language38
\l@latin=\language39
\l@latvian=\language40
\l@lithuanian=\language41
\l@liturgicallatin=\language42
\l@macedonian=\language43
\l@malayalam=\language44
\l@marathi=\language45
\l@mongolian=\language46
\l@mongolianlmc=\language47
\l@monogreek=\language48
\l@ngerman=\language49
\l@nynorsk=\language50
\l@occitan=\language51
\l@oriya=\language52
\l@pali=\language53
\l@panjabi=\language54
\l@piedmontese=\language55
\l@polish=\language56
\l@portuguese=\language57
\l@romanian=\language58
\l@romansh=\language59
\l@russian=\language60
\l@sanskrit=\language61
\l@serbian=\language62
\l@serbianc=\language63
\l@slovak=\language64
\l@slovenian=\language65
\l@spanish=\language66
\l@swedish=\language67
\l@swissgerman=\language68
\l@tamil=\language69
\l@telugu=\language70
\l@thai=\language71
\l@turkish=\language72
\l@turkmen=\language73
\l@ukenglish=\language74
\l@ukrainian=\language75
\l@uppersorbian=\language76
\l@usenglishmax=\language77
\l@welsh=\language78
\babelcatcodetablenum=\catcodetable14
\bbl@pattcodes=\catcodetable15
)
\babel@savecnt=\count320
\U@D=\dimen149
\l@unhyphenated=\language79

(C:/Users/UserPC/AppData/Local/Programs/MiKTeX/tex/generic/babel/luababel.def
\bbl@attr@locale=\attribute4
)
*************************************
* Local config file bblopts.cfg used
*
(C:/Users/UserPC/AppData/Local/Programs/MiKTeX/tex/latex/arabi/bblopts.cfg
File: bblopts.cfg 2005/09/08 v0.1 add Arabic and Farsi to "declared" options of
 babel
)
(C:/Users/UserPC/AppData/Local/Programs/MiKTeX/tex/latex/babel-spanish/spanish.
ldf
Language: spanish.ldf 2021/05/27 v5.0q Spanish support from the babel system

(C:/Users/UserPC/AppData/Local/Programs/MiKTeX/tex/generic/babel/locale/es/babe
l-spanish.tex
Package babel Info: Importing font and identification data for spanish
(babel)             from babel-es.ini. Reported on input line 11.
)
\es@quottoks=\toks22
\es@quotdepth=\count321
Package babel Info: Making " an active character on input line 570.
Package babel Info: Making . an active character on input line 675.
Package babel Info: Making < an active character on input line 722.
Package babel Info: Making > an active character on input line 722.

(C:/Users/UserPC/AppData/Local/Programs/MiKTeX/tex/generic/hyph-utf8/loadhyph/l
oadhyph-es.tex UTF-8 Spanish hyphenation patterns
(C:/Users/UserPC/AppData/Local/Programs/MiKTeX/tex/generic/hyph-utf8/patterns/t
ex/hyph-es.tex))))
(C:/Users/UserPC/AppData/Local/Programs/MiKTeX/tex/latex/amsmath/amsmath.sty
Package: amsmath 2024/11/05 v2.17t AMS math features
\@mathmargin=\skip76

For additional information on amsmath, use the `?' option.
(C:/Users/UserPC/AppData/Local/Programs/MiKTeX/tex/latex/amsmath/amstext.sty
Package: amstext 2021/08/26 v2.01 AMS text

(C:/Users/UserPC/AppData/Local/Programs/MiKTeX/tex/latex/amsmath/amsgen.sty
File: amsgen.sty 1999/11/30 v2.0 generic functions
\@emptytoks=\toks23
\ex@=\dimen150
))
(C:/Users/UserPC/AppData/Local/Programs/MiKTeX/tex/latex/amsmath/amsbsy.sty
Package: amsbsy 1999/11/29 v1.2d Bold Symbols
\pmbraise@=\dimen151
)
(C:/Users/UserPC/AppData/Local/Programs/MiKTeX/tex/latex/amsmath/amsopn.sty
Package: amsopn 2022/04/08 v2.04 operator names
)
\inf@bad=\count322
LaTeX Info: Redefining \frac on input line 235.
\uproot@=\count323
\leftroot@=\count324
LaTeX Info: Redefining \overline on input line 398.
LaTeX Info: Redefining \colon on input line 409.
\classnum@=\count325
\DOTSCASE@=\count326
LaTeX Info: Redefining \ldots on input line 495.
LaTeX Info: Redefining \dots on input line 498.
LaTeX Info: Redefining \cdots on input line 619.
\Mathstrutbox@=\box54
\strutbox@=\box55
LaTeX Info: Redefining \big on input line 721.
LaTeX Info: Redefining \Big on input line 722.
LaTeX Info: Redefining \bigg on input line 723.
LaTeX Info: Redefining \Bigg on input line 724.
\big@size=\dimen152
LaTeX Font Info:    Redeclaring font encoding OML on input line 742.
LaTeX Font Info:    Redeclaring font encoding OMS on input line 743.
\macc@depth=\count327
LaTeX Info: Redefining \bmod on input line 904.
LaTeX Info: Redefining \pmod on input line 909.
LaTeX Info: Redefining \smash on input line 939.
LaTeX Info: Redefining \relbar on input line 969.
LaTeX Info: Redefining \Relbar on input line 970.
\c@MaxMatrixCols=\count328
\dotsspace@=\muskip17
\c@parentequation=\count329
\dspbrk@lvl=\count330
\tag@help=\toks24
\row@=\count331
\column@=\count332
\maxfields@=\count333
\andhelp@=\toks25
\eqnshift@=\dimen153
\alignsep@=\dimen154
\tagshift@=\dimen155
\tagwidth@=\dimen156
\totwidth@=\dimen157
\lineht@=\dimen158
\@envbody=\toks26
\multlinegap=\skip77
\multlinetaggap=\skip78
\mathdisplay@stack=\toks27
LaTeX Info: Redefining \[ on input line 2953.
LaTeX Info: Redefining \] on input line 2954.
)
(C:/Users/UserPC/AppData/Local/Programs/MiKTeX/tex/latex/amsfonts/amssymb.sty
Package: amssymb 2013/01/14 v3.01 AMS font symbols

(C:/Users/UserPC/AppData/Local/Programs/MiKTeX/tex/latex/amsfonts/amsfonts.sty
Package: amsfonts 2013/01/14 v3.01 Basic AMSFonts support
\symAMSa=\mathgroup4
\symAMSb=\mathgroup5
LaTeX Font Info:    Redeclaring math symbol \hbar on input line 98.
LaTeX Font Info:    Overwriting math alphabet `\mathfrak' in version `bold'
(Font)                  U/euf/m/n --> U/euf/b/n on input line 106.
))
(C:/Users/UserPC/AppData/Local/Programs/MiKTeX/tex/latex/graphics/graphicx.sty
Package: graphicx 2021/09/16 v1.2d Enhanced LaTeX Graphics (DPC,SPQR)

(C:/Users/UserPC/AppData/Local/Programs/MiKTeX/tex/latex/graphics/keyval.sty
Package: keyval 2022/05/29 v1.15 key=value parser (DPC)
\KV@toks@=\toks28
)
(C:/Users/UserPC/AppData/Local/Programs/MiKTeX/tex/latex/graphics/graphics.sty
Package: graphics 2024/08/06 v1.4g Standard LaTeX Graphics (DPC,SPQR)

(C:/Users/UserPC/AppData/Local/Programs/MiKTeX/tex/latex/graphics/trig.sty
Package: trig 2023/12/02 v1.11 sin cos tan (DPC)
)
(C:/Users/UserPC/AppData/Local/Programs/MiKTeX/tex/latex/graphics-cfg/graphics.
cfg
File: graphics.cfg 2016/06/04 v1.11 sample graphics configuration
)
Package graphics Info: Driver file: luatex.def on input line 106.

(C:/Users/UserPC/AppData/Local/Programs/MiKTeX/tex/latex/graphics-def/luatex.de
f
File: luatex.def 2024/04/13 v1.2e Graphics/color driver for luatex
))
\Gin@req@height=\dimen159
\Gin@req@width=\dimen160
)
(C:/Users/UserPC/AppData/Local/Programs/MiKTeX/tex/latex/tools/tabularx.sty
Package: tabularx 2023/12/11 v2.12a `tabularx' package (DPC)

(C:/Users/UserPC/AppData/Local/Programs/MiKTeX/tex/latex/tools/array.sty
Package: array 2024/10/17 v2.6g Tabular extension package (FMi)
\col@sep=\dimen161
\ar@mcellbox=\box56
\extrarowheight=\dimen162
\NC@list=\toks29
\extratabsurround=\skip79
\backup@length=\skip80
\ar@cellbox=\box57
)
\TX@col@width=\dimen163
\TX@old@table=\dimen164
\TX@old@col=\dimen165
\TX@target=\dimen166
\TX@delta=\dimen167
\TX@cols=\count334
\TX@ftn=\toks30
)
(C:/Users/UserPC/AppData/Local/Programs/MiKTeX/tex/latex/ragged2e/ragged2e.sty
Package: ragged2e 2023/06/22 v3.6 ragged2e Package
\CenteringLeftskip=\skip81
\RaggedLeftLeftskip=\skip82
\RaggedRightLeftskip=\skip83
\CenteringRightskip=\skip84
\RaggedLeftRightskip=\skip85
\RaggedRightRightskip=\skip86
\CenteringParfillskip=\skip87
\RaggedLeftParfillskip=\skip88
\RaggedRightParfillskip=\skip89
\JustifyingParfillskip=\skip90
\CenteringParindent=\skip91
\RaggedLeftParindent=\skip92
\RaggedRightParindent=\skip93
\JustifyingParindent=\skip94
) (C:/Users/UserPC/AppData/Local/Programs/MiKTeX/tex/latex/geometry/geometry.st
y
Package: geometry 2020/01/02 v5.9 Page Geometry
(C:/Users/UserPC/AppData/Local/Programs/MiKTeX/tex/generic/iftex/ifvtex.sty
Package: ifvtex 2019/10/25 v1.7 ifvtex legacy package. Use iftex instead.

(C:/Users/UserPC/AppData/Local/Programs/MiKTeX/tex/generic/iftex/iftex.sty
Package: iftex 2024/12/12 v1.0g TeX engine tests
))
\Gm@cnth=\count335
\Gm@cntv=\count336
\c@Gm@tempcnt=\count337
\Gm@bindingoffset=\dimen168
\Gm@wd@mp=\dimen169
\Gm@odd@mp=\dimen170
\Gm@even@mp=\dimen171
\Gm@layoutwidth=\dimen172
\Gm@layoutheight=\dimen173
\Gm@layouthoffset=\dimen174
\Gm@layoutvoffset=\dimen175
\Gm@dimlist=\toks31

(C:/Users/UserPC/AppData/Local/Programs/MiKTeX/tex/latex/geometry/geometry.cfg))

(C:/Users/UserPC/AppData/Local/Programs/MiKTeX/tex/latex/booktabs/booktabs.sty
Package: booktabs 2020/01/12 v1.61803398 Publication quality tables
\heavyrulewidth=\dimen176
\lightrulewidth=\dimen177
\cmidrulewidth=\dimen178
\belowrulesep=\dimen179
\belowbottomsep=\dimen180
\aboverulesep=\dimen181
\abovetopsep=\dimen182
\cmidrulesep=\dimen183
\cmidrulekern=\dimen184
\defaultaddspace=\dimen185
\@cmidla=\count338
\@cmidlb=\count339
\@aboverulesep=\dimen186
\@belowrulesep=\dimen187
\@thisruleclass=\count340
\@lastruleclass=\count341
\@thisrulewidth=\dimen188
)
(C:/Users/UserPC/AppData/Local/Programs/MiKTeX/tex/latex/pgf/frontendlayer/tikz
.sty
(C:/Users/UserPC/AppData/Local/Programs/MiKTeX/tex/latex/pgf/basiclayer/pgf.sty

(C:/Users/UserPC/AppData/Local/Programs/MiKTeX/tex/latex/pgf/utilities/pgfrcs.s
ty
(C:/Users/UserPC/AppData/Local/Programs/MiKTeX/tex/generic/pgf/utilities/pgfuti
l-common.tex
\pgfutil@everybye=\toks32
\pgfutil@tempdima=\dimen189
\pgfutil@tempdimb=\dimen190
)
(C:/Users/UserPC/AppData/Local/Programs/MiKTeX/tex/generic/pgf/utilities/pgfuti
l-latex.def
\pgfutil@abb=\box58
)
(C:/Users/UserPC/AppData/Local/Programs/MiKTeX/tex/generic/pgf/utilities/pgfrcs
.code.tex
(C:/Users/UserPC/AppData/Local/Programs/MiKTeX/tex/generic/pgf/pgf.revision.tex
)
Package: pgfrcs 2023-01-15 v3.1.10 (3.1.10)
))
Package: pgf 2023-01-15 v3.1.10 (3.1.10)

(C:/Users/UserPC/AppData/Local/Programs/MiKTeX/tex/latex/pgf/basiclayer/pgfcore
.sty
(C:/Users/UserPC/AppData/Local/Programs/MiKTeX/tex/latex/pgf/systemlayer/pgfsys
.sty
(C:/Users/UserPC/AppData/Local/Programs/MiKTeX/tex/generic/pgf/systemlayer/pgfs
ys.code.tex
Package: pgfsys 2023-01-15 v3.1.10 (3.1.10)

(C:/Users/UserPC/AppData/Local/Programs/MiKTeX/tex/generic/pgf/utilities/pgfkey
s.code.tex
\pgfkeys@pathtoks=\toks33
\pgfkeys@temptoks=\toks34

(C:/Users/UserPC/AppData/Local/Programs/MiKTeX/tex/generic/pgf/utilities/pgfkey
slibraryfiltered.code.tex
\pgfkeys@tmptoks=\toks35
))
\pgf@x=\dimen191
\pgf@y=\dimen192
\pgf@xa=\dimen193
\pgf@ya=\dimen194
\pgf@xb=\dimen195
\pgf@yb=\dimen196
\pgf@xc=\dimen197
\pgf@yc=\dimen198
\pgf@xd=\dimen199
\pgf@yd=\dimen256
\w@pgf@writea=\write3
\r@pgf@reada=\read3
\c@pgf@counta=\count342
\c@pgf@countb=\count343
\c@pgf@countc=\count344
\c@pgf@countd=\count345
\t@pgf@toka=\toks36
\t@pgf@tokb=\toks37
\t@pgf@tokc=\toks38
\pgf@sys@id@count=\count346

(C:/Users/UserPC/AppData/Local/Programs/MiKTeX/tex/generic/pgf/systemlayer/pgf.
cfg
File: pgf.cfg 2023-01-15 v3.1.10 (3.1.10)
)
Driver file for pgf: pgfsys-luatex.def

(C:/Users/UserPC/AppData/Local/Programs/MiKTeX/tex/generic/pgf/systemlayer/pgfs
ys-luatex.def
File: pgfsys-luatex.def 2023-01-15 v3.1.10 (3.1.10)

(C:/Users/UserPC/AppData/Local/Programs/MiKTeX/tex/generic/pgf/systemlayer/pgfs
ys-common-pdf.def
File: pgfsys-common-pdf.def 2023-01-15 v3.1.10 (3.1.10)
)))
(C:/Users/UserPC/AppData/Local/Programs/MiKTeX/tex/generic/pgf/systemlayer/pgfs
yssoftpath.code.tex
File: pgfsyssoftpath.code.tex 2023-01-15 v3.1.10 (3.1.10)
\pgfsyssoftpath@smallbuffer@items=\count347
\pgfsyssoftpath@bigbuffer@items=\count348
)
(C:/Users/UserPC/AppData/Local/Programs/MiKTeX/tex/generic/pgf/systemlayer/pgfs
ysprotocol.code.tex
File: pgfsysprotocol.code.tex 2023-01-15 v3.1.10 (3.1.10)
))
(C:/Users/UserPC/AppData/Local/Programs/MiKTeX/tex/latex/xcolor/xcolor.sty
Package: xcolor 2024/09/29 v3.02 LaTeX color extensions (UK)

(C:/Users/UserPC/AppData/Local/Programs/MiKTeX/tex/latex/graphics-cfg/color.cfg
File: color.cfg 2016/01/02 v1.6 sample color configuration
)
Package xcolor Info: Driver file: luatex.def on input line 274.

(C:/Users/UserPC/AppData/Local/Programs/MiKTeX/tex/latex/graphics/mathcolor.ltx
)
Package xcolor Info: Model `cmy' substituted by `cmy0' on input line 1349.
Package xcolor Info: Model `hsb' substituted by `rgb' on input line 1353.
Package xcolor Info: Model `RGB' extended on input line 1365.
Package xcolor Info: Model `HTML' substituted by `rgb' on input line 1367.
Package xcolor Info: Model `Hsb' substituted by `hsb' on input line 1368.
Package xcolor Info: Model `tHsb' substituted by `hsb' on input line 1369.
Package xcolor Info: Model `HSB' substituted by `hsb' on input line 1370.
Package xcolor Info: Model `Gray' substituted by `gray' on input line 1371.
Package xcolor Info: Model `wave' substituted by `hsb' on input line 1372.
)
(C:/Users/UserPC/AppData/Local/Programs/MiKTeX/tex/generic/pgf/basiclayer/pgfco
re.code.tex
Package: pgfcore 2023-01-15 v3.1.10 (3.1.10)

(C:/Users/UserPC/AppData/Local/Programs/MiKTeX/tex/generic/pgf/math/pgfmath.cod
e.tex
(C:/Users/UserPC/AppData/Local/Programs/MiKTeX/tex/generic/pgf/math/pgfmathutil
.code.tex)
(C:/Users/UserPC/AppData/Local/Programs/MiKTeX/tex/generic/pgf/math/pgfmathpars
er.code.tex
\pgfmath@dimen=\dimen257
\pgfmath@count=\count349
\pgfmath@box=\box59
\pgfmath@toks=\toks39
\pgfmath@stack@operand=\toks40
\pgfmath@stack@operation=\toks41
)
(C:/Users/UserPC/AppData/Local/Programs/MiKTeX/tex/generic/pgf/math/pgfmathfunc
tions.code.tex)
(C:/Users/UserPC/AppData/Local/Programs/MiKTeX/tex/generic/pgf/math/pgfmathfunc
tions.basic.code.tex)
(C:/Users/UserPC/AppData/Local/Programs/MiKTeX/tex/generic/pgf/math/pgfmathfunc
tions.trigonometric.code.tex)
(C:/Users/UserPC/AppData/Local/Programs/MiKTeX/tex/generic/pgf/math/pgfmathfunc
tions.random.code.tex)
(C:/Users/UserPC/AppData/Local/Programs/MiKTeX/tex/generic/pgf/math/pgfmathfunc
tions.comparison.code.tex)
(C:/Users/UserPC/AppData/Local/Programs/MiKTeX/tex/generic/pgf/math/pgfmathfunc
tions.base.code.tex)
(C:/Users/UserPC/AppData/Local/Programs/MiKTeX/tex/generic/pgf/math/pgfmathfunc
tions.round.code.tex)
(C:/Users/UserPC/AppData/Local/Programs/MiKTeX/tex/generic/pgf/math/pgfmathfunc
tions.misc.code.tex)
(C:/Users/UserPC/AppData/Local/Programs/MiKTeX/tex/generic/pgf/math/pgfmathfunc
tions.integerarithmetics.code.tex)
(C:/Users/UserPC/AppData/Local/Programs/MiKTeX/tex/generic/pgf/math/pgfmathcalc
.code.tex)
(C:/Users/UserPC/AppData/Local/Programs/MiKTeX/tex/generic/pgf/math/pgfmathfloa
t.code.tex
\c@pgfmathroundto@lastzeros=\count350
))
(C:/Users/UserPC/AppData/Local/Programs/MiKTeX/tex/generic/pgf/math/pgfint.code
.tex)
(C:/Users/UserPC/AppData/Local/Programs/MiKTeX/tex/generic/pgf/basiclayer/pgfco
repoints.code.tex
File: pgfcorepoints.code.tex 2023-01-15 v3.1.10 (3.1.10)
\pgf@picminx=\dimen258
\pgf@picmaxx=\dimen259
\pgf@picminy=\dimen260
\pgf@picmaxy=\dimen261
\pgf@pathminx=\dimen262
\pgf@pathmaxx=\dimen263
\pgf@pathminy=\dimen264
\pgf@pathmaxy=\dimen265
\pgf@xx=\dimen266
\pgf@xy=\dimen267
\pgf@yx=\dimen268
\pgf@yy=\dimen269
\pgf@zx=\dimen270
\pgf@zy=\dimen271
)
(C:/Users/UserPC/AppData/Local/Programs/MiKTeX/tex/generic/pgf/basiclayer/pgfco
repathconstruct.code.tex
File: pgfcorepathconstruct.code.tex 2023-01-15 v3.1.10 (3.1.10)
\pgf@path@lastx=\dimen272
\pgf@path@lasty=\dimen273
)
(C:/Users/UserPC/AppData/Local/Programs/MiKTeX/tex/generic/pgf/basiclayer/pgfco
repathusage.code.tex
File: pgfcorepathusage.code.tex 2023-01-15 v3.1.10 (3.1.10)
\pgf@shorten@end@additional=\dimen274
\pgf@shorten@start@additional=\dimen275
)
(C:/Users/UserPC/AppData/Local/Programs/MiKTeX/tex/generic/pgf/basiclayer/pgfco
rescopes.code.tex
File: pgfcorescopes.code.tex 2023-01-15 v3.1.10 (3.1.10)
\pgfpic=\box60
\pgf@hbox=\box61
\pgf@layerbox@main=\box62
\pgf@picture@serial@count=\count351
)
(C:/Users/UserPC/AppData/Local/Programs/MiKTeX/tex/generic/pgf/basiclayer/pgfco
regraphicstate.code.tex
File: pgfcoregraphicstate.code.tex 2023-01-15 v3.1.10 (3.1.10)
\pgflinewidth=\dimen276
)
(C:/Users/UserPC/AppData/Local/Programs/MiKTeX/tex/generic/pgf/basiclayer/pgfco
retransformations.code.tex
File: pgfcoretransformations.code.tex 2023-01-15 v3.1.10 (3.1.10)
\pgf@pt@x=\dimen277
\pgf@pt@y=\dimen278
\pgf@pt@temp=\dimen279
)
(C:/Users/UserPC/AppData/Local/Programs/MiKTeX/tex/generic/pgf/basiclayer/pgfco
requick.code.tex
File: pgfcorequick.code.tex 2023-01-15 v3.1.10 (3.1.10)
)
(C:/Users/UserPC/AppData/Local/Programs/MiKTeX/tex/generic/pgf/basiclayer/pgfco
reobjects.code.tex
File: pgfcoreobjects.code.tex 2023-01-15 v3.1.10 (3.1.10)
)
(C:/Users/UserPC/AppData/Local/Programs/MiKTeX/tex/generic/pgf/basiclayer/pgfco
repathprocessing.code.tex
File: pgfcorepathprocessing.code.tex 2023-01-15 v3.1.10 (3.1.10)
)
(C:/Users/UserPC/AppData/Local/Programs/MiKTeX/tex/generic/pgf/basiclayer/pgfco
rearrows.code.tex
File: pgfcorearrows.code.tex 2023-01-15 v3.1.10 (3.1.10)
\pgfarrowsep=\dimen280
)
(C:/Users/UserPC/AppData/Local/Programs/MiKTeX/tex/generic/pgf/basiclayer/pgfco
reshade.code.tex
File: pgfcoreshade.code.tex 2023-01-15 v3.1.10 (3.1.10)
\pgf@max=\dimen281
\pgf@sys@shading@range@num=\count352
\pgf@shadingcount=\count353
)
(C:/Users/UserPC/AppData/Local/Programs/MiKTeX/tex/generic/pgf/basiclayer/pgfco
reimage.code.tex
File: pgfcoreimage.code.tex 2023-01-15 v3.1.10 (3.1.10)
)
(C:/Users/UserPC/AppData/Local/Programs/MiKTeX/tex/generic/pgf/basiclayer/pgfco
reexternal.code.tex
File: pgfcoreexternal.code.tex 2023-01-15 v3.1.10 (3.1.10)
\pgfexternal@startupbox=\box63
)
(C:/Users/UserPC/AppData/Local/Programs/MiKTeX/tex/generic/pgf/basiclayer/pgfco
relayers.code.tex
File: pgfcorelayers.code.tex 2023-01-15 v3.1.10 (3.1.10)
)
(C:/Users/UserPC/AppData/Local/Programs/MiKTeX/tex/generic/pgf/basiclayer/pgfco
retransparency.code.tex
File: pgfcoretransparency.code.tex 2023-01-15 v3.1.10 (3.1.10)
)
(C:/Users/UserPC/AppData/Local/Programs/MiKTeX/tex/generic/pgf/basiclayer/pgfco
repatterns.code.tex
File: pgfcorepatterns.code.tex 2023-01-15 v3.1.10 (3.1.10)
)
(C:/Users/UserPC/AppData/Local/Programs/MiKTeX/tex/generic/pgf/basiclayer/pgfco
rerdf.code.tex
File: pgfcorerdf.code.tex 2023-01-15 v3.1.10 (3.1.10)
)))
(C:/Users/UserPC/AppData/Local/Programs/MiKTeX/tex/generic/pgf/modules/pgfmodul
eshapes.code.tex
File: pgfmoduleshapes.code.tex 2023-01-15 v3.1.10 (3.1.10)
\pgfnodeparttextbox=\box64
)
(C:/Users/UserPC/AppData/Local/Programs/MiKTeX/tex/generic/pgf/modules/pgfmodul
eplot.code.tex
File: pgfmoduleplot.code.tex 2023-01-15 v3.1.10 (3.1.10)
)
(C:/Users/UserPC/AppData/Local/Programs/MiKTeX/tex/latex/pgf/compatibility/pgfc
omp-version-0-65.sty
Package: pgfcomp-version-0-65 2023-01-15 v3.1.10 (3.1.10)
\pgf@nodesepstart=\dimen282
\pgf@nodesepend=\dimen283
)
(C:/Users/UserPC/AppData/Local/Programs/MiKTeX/tex/latex/pgf/compatibility/pgfc
omp-version-1-18.sty
Package: pgfcomp-version-1-18 2023-01-15 v3.1.10 (3.1.10)
))
(C:/Users/UserPC/AppData/Local/Programs/MiKTeX/tex/latex/pgf/utilities/pgffor.s
ty
(C:/Users/UserPC/AppData/Local/Programs/MiKTeX/tex/latex/pgf/utilities/pgfkeys.
sty
(C:/Users/UserPC/AppData/Local/Programs/MiKTeX/tex/generic/pgf/utilities/pgfkey
s.code.tex))
(C:/Users/UserPC/AppData/Local/Programs/MiKTeX/tex/latex/pgf/math/pgfmath.sty
(C:/Users/UserPC/AppData/Local/Programs/MiKTeX/tex/generic/pgf/math/pgfmath.cod
e.tex))
(C:/Users/UserPC/AppData/Local/Programs/MiKTeX/tex/generic/pgf/utilities/pgffor
.code.tex
Package: pgffor 2023-01-15 v3.1.10 (3.1.10)
\pgffor@iter=\dimen284
\pgffor@skip=\dimen285
\pgffor@stack=\toks42
\pgffor@toks=\toks43
))
(C:/Users/UserPC/AppData/Local/Programs/MiKTeX/tex/generic/pgf/frontendlayer/ti
kz/tikz.code.tex
Package: tikz 2023-01-15 v3.1.10 (3.1.10)

(C:/Users/UserPC/AppData/Local/Programs/MiKTeX/tex/generic/pgf/libraries/pgflib
raryplothandlers.code.tex
File: pgflibraryplothandlers.code.tex 2023-01-15 v3.1.10 (3.1.10)
\pgf@plot@mark@count=\count354
\pgfplotmarksize=\dimen286
)
\tikz@lastx=\dimen287
\tikz@lasty=\dimen288
\tikz@lastxsaved=\dimen289
\tikz@lastysaved=\dimen290
\tikz@lastmovetox=\dimen291
\tikz@lastmovetoy=\dimen292
\tikzleveldistance=\dimen293
\tikzsiblingdistance=\dimen294
\tikz@figbox=\box65
\tikz@figbox@bg=\box66
\tikz@tempbox=\box67
\tikz@tempbox@bg=\box68
\tikztreelevel=\count355
\tikznumberofchildren=\count356
\tikznumberofcurrentchild=\count357
\tikz@fig@count=\count358

(C:/Users/UserPC/AppData/Local/Programs/MiKTeX/tex/generic/pgf/modules/pgfmodul
ematrix.code.tex
File: pgfmodulematrix.code.tex 2023-01-15 v3.1.10 (3.1.10)
\pgfmatrixcurrentrow=\count359
\pgfmatrixcurrentcolumn=\count360
\pgf@matrix@numberofcolumns=\count361
)
\tikz@expandcount=\count362

(C:/Users/UserPC/AppData/Local/Programs/MiKTeX/tex/generic/pgf/frontendlayer/ti
kz/libraries/tikzlibrarytopaths.code.tex
File: tikzlibrarytopaths.code.tex 2023-01-15 v3.1.10 (3.1.10)
)))
(C:/Users/UserPC/AppData/Local/Programs/MiKTeX/tex/generic/pgf/frontendlayer/ti
kz/libraries/tikzlibrarycalc.code.tex
File: tikzlibrarycalc.code.tex 2023-01-15 v3.1.10 (3.1.10)
)
(C:/Users/UserPC/AppData/Local/Programs/MiKTeX/tex/latex/l3backend/l3backend-lu
atex.def
File: l3backend-luatex.def 2025-04-14 L3 backend support: PDF output (LuaTeX)
\l__color_backend_stack_int=\count363
Inserting `l3color' in `luaotfload.parse_color'.) (./document.aux
LaTeX Info: Redefining \. on input line 16.
LaTeX Info: Redefining \% on input line 16.
Package babel Info: 'spanish' activates 'spanish' shorthands.
(babel)             Reported  on input line 16.
)
\openout1 = document.aux

LaTeX Font Info:    Checking defaults for OML/cmm/m/it on input line 41.
LaTeX Font Info:    ... okay on input line 41.
LaTeX Font Info:    Checking defaults for OMS/cmsy/m/n on input line 41.
LaTeX Font Info:    ... okay on input line 41.
LaTeX Font Info:    Checking defaults for OT1/cmr/m/n on input line 41.
LaTeX Font Info:    ... okay on input line 41.
LaTeX Font Info:    Checking defaults for T1/cmr/m/n on input line 41.
LaTeX Font Info:    ... okay on input line 41.
LaTeX Font Info:    Checking defaults for TS1/cmr/m/n on input line 41.
LaTeX Font Info:    ... okay on input line 41.
LaTeX Font Info:    Checking defaults for TU/lmr/m/n on input line 41.
LaTeX Font Info:    ... okay on input line 41.
LaTeX Font Info:    Checking defaults for OMX/cmex/m/n on input line 41.
LaTeX Font Info:    ... okay on input line 41.
LaTeX Font Info:    Checking defaults for U/cmr/m/n on input line 41.
LaTeX Font Info:    ... okay on input line 41.
LaTeX Info: Redefining \. on input line 41.
LaTeX Info: Redefining \% on input line 41.

(C:/Users/UserPC/AppData/Local/Programs/MiKTeX/tex/context/base/mkii/supp-pdf.m
kii
[Loading MPS to PDF converter (version 2006.09.02).]
\scratchcounter=\count364
\scratchdimen=\dimen295
\scratchbox=\box69
\nofMPsegments=\count365
\nofMParguments=\count366
\everyMPshowfont=\toks44
\MPscratchCnt=\count367
\MPscratchDim=\dimen296
\MPnumerator=\count368
\makeMPintoPDFobject=\count369
\everyMPtoPDFconversion=\toks45
)
(C:/Users/UserPC/AppData/Local/Programs/MiKTeX/tex/latex/epstopdf-pkg/epstopdf-
base.sty
Package: epstopdf-base 2020-01-24 v2.11 Base part for package epstopdf
Package epstopdf-base Info: Redefining graphics rule for `.eps' on input line 4
85.

(C:/Users/UserPC/AppData/Local/Programs/MiKTeX/tex/latex/00miktex/epstopdf-sys.
cfg
File: epstopdf-sys.cfg 2021/03/18 v2.0 Configuration of epstopdf for MiKTeX
))
*geometry* driver: auto-detecting
*geometry* detected driver: luatex
*geometry* verbose mode - [ preamble ] result:
* driver: luatex
* paper: <default>
* layout: <same size as paper>
* layoutoffset:(h,v)=(0.0pt,0.0pt)
* modes: 
* h-part:(L,W,R)=(72.26999pt, 469.75502pt, 72.26999pt)
* v-part:(T,H,B)=(86.72377pt, 635.97623pt, 72.26999pt)
* \paperwidth=614.295pt
* \paperheight=794.96999pt
* \textwidth=469.75502pt
* \textheight=635.97623pt
* \oddsidemargin=0.0pt
* \evensidemargin=0.0pt
* \topmargin=-15.54622pt
* \headheight=15.0pt
* \headsep=15.0pt
* \topskip=12.0pt
* \footskip=29.0pt
* \marginparwidth=36.135pt
* \marginparsep=5.0pt
* \columnsep=10.0pt
* \skip\footins=10.8pt plus 4.0pt minus 2.0pt
* \hoffset=0.0pt
* \voffset=0.0pt
* \mag=1000
* \@twocolumnfalse
* \@twosidefalse
* \@mparswitchfalse
* \@reversemarginfalse
* (1in=72.27pt=25.4mm, 1cm=28.453pt)


Overfull \hbox (18.0pt too wide) in paragraph at lines 45--49
[][] 
 []

LaTeX Font Info:    Trying to load font information for U+msa on input line 56.

(C:/Users/UserPC/AppData/Local/Programs/MiKTeX/tex/latex/amsfonts/umsa.fd
File: umsa.fd 2013/01/14 v3.01 AMS symbols A
)
LaTeX Font Info:    Trying to load font information for U+msb on input line 56.


(C:/Users/UserPC/AppData/Local/Programs/MiKTeX/tex/latex/amsfonts/umsb.fd
File: umsb.fd 2013/01/14 v3.01 AMS symbols B
)
<Figuras/fig1.jpg, id=4, 536.0025pt x 383.18156pt>
File: Figuras/fig1.jpg Graphic file (type jpg)
<use Figuras/fig1.jpg>
Package luatex.def Info: Figuras/fig1.jpg  used on input line 100.
(luatex.def)             Requested size: 103.2062pt x 73.77583pt.
<Figuras/fig2.jpg, id=5, 556.32843pt x 397.485pt>
File: Figuras/fig2.jpg Graphic file (type jpg)
<use Figuras/fig2.jpg>
Package luatex.def Info: Figuras/fig2.jpg  used on input line 103.
(luatex.def)             Requested size: 103.2062pt x 73.73372pt.
<Figuras/fig3.jpg, id=6, 554.82281pt x 396.7322pt>
File: Figuras/fig3.jpg Graphic file (type jpg)
<use Figuras/fig3.jpg>
Package luatex.def Info: Figuras/fig3.jpg  used on input line 106.
(luatex.def)             Requested size: 103.2062pt x 73.79384pt.
<Figuras/fig4.jpg, id=7, 560.8453pt x 400.49625pt>
File: Figuras/fig4.jpg Graphic file (type jpg)
<use Figuras/fig4.jpg>
Package luatex.def Info: Figuras/fig4.jpg  used on input line 109.
(luatex.def)             Requested size: 103.2062pt x 73.69342pt.


[1{C:/Users/UserPC/AppData/Local/MiKTeX/fonts/map/pdftex/pdftex.map}

]
<Figuras/fig5.jpg, id=21, 504.38437pt x 359.84438pt>
File: Figuras/fig5.jpg Graphic file (type jpg)
<use Figuras/fig5.jpg>
Package luatex.def Info: Figuras/fig5.jpg  used on input line 113.
(luatex.def)             Requested size: 103.2062pt x 73.62581pt.
<Figuras/fig6.jpg, id=22, 566.115pt x 404.26031pt>
File: Figuras/fig6.jpg Graphic file (type jpg)
<use Figuras/fig6.jpg>
Package luatex.def Info: Figuras/fig6.jpg  used on input line 116.
(luatex.def)             Requested size: 103.2062pt x 73.69516pt.
<Figuras/fig7.jpg, id=23, 578.16pt x 412.54124pt>
File: Figuras/fig7.jpg Graphic file (type jpg)
<use Figuras/fig7.jpg>
Package luatex.def Info: Figuras/fig7.jpg  used on input line 119.
(luatex.def)             Requested size: 103.2062pt x 73.63731pt.
<Figuras/fig8.jpg, id=24, 174.4335pt x 124.83pt>
File: Figuras/fig8.jpg Graphic file (type jpg)
<use Figuras/fig8.jpg>
Package luatex.def Info: Figuras/fig8.jpg  used on input line 122.
(luatex.def)             Requested size: 103.2062pt x 73.85857pt.
<Figuras/fig9.jpg, id=25, 484.81125pt x 346.29375pt>
File: Figuras/fig9.jpg Graphic file (type jpg)
<use Figuras/fig9.jpg>
Package luatex.def Info: Figuras/fig9.jpg  used on input line 136.
(luatex.def)             Requested size: 103.2062pt x 73.71722pt.
<Figuras/fig10.jpg, id=26, 569.12625pt x 406.51875pt>
File: Figuras/fig10.jpg Graphic file (type jpg)
<use Figuras/fig10.jpg>
Package luatex.def Info: Figuras/fig10.jpg  used on input line 139.
(luatex.def)             Requested size: 103.2062pt x 73.71606pt.
<Figuras/fig11.jpg, id=27, 484.81125pt x 346.29375pt>
File: Figuras/fig11.jpg Graphic file (type jpg)
<use Figuras/fig11.jpg>
Package luatex.def Info: Figuras/fig11.jpg  used on input line 142.
(luatex.def)             Requested size: 103.2062pt x 73.71722pt.
<Figuras/fig12.jpg, id=28, 470.50781pt x 335.75438pt>
File: Figuras/fig12.jpg Graphic file (type jpg)
<use Figuras/fig12.jpg>
Package luatex.def Info: Figuras/fig12.jpg  used on input line 145.
(luatex.def)             Requested size: 103.2062pt x 73.64589pt.


[2<./Figuras/fig1.jpg><./Figuras/fig2.jpg><./Figuras/fig3.jpg><./Figuras/fig4.jp
g><./Figuras/fig5.jpg><./Figuras/fig6.jpg><./Figuras/fig7.jpg><./Figuras/fig8.jp
g><./Figuras/fig9.jpg><./Figuras/fig10.jpg><./Figuras/fig11.jpg><./Figuras/fig12
.jpg>]

[3]

[4]

[5]
<Figuras/fig13.jpg, id=49, 689.34462pt x 334.24875pt>
File: Figuras/fig13.jpg Graphic file (type jpg)
<use Figuras/fig13.jpg>
Package luatex.def Info: Figuras/fig13.jpg  used on input line 428.
(luatex.def)             Requested size: 314.11032pt x 152.30782pt.


[6]

[7<./Figuras/fig13.jpg>]
This exam contains 20 questions with 51 parts, 0 subparts, and 0 subsubparts.
This exam has a total of 21 points.
This exam has a total of 0 bonus points.
(./document.aux
LaTeX Info: Redefining \. on input line 16.
LaTeX Info: Redefining \% on input line 16.
)
 ***********
LaTeX2e <2024-11-01> patch level 2
L3 programming layer <2025-04-14>
 ***********
)

Here is how much of LuaTeX's memory you used:
 18248 strings out of 471925
 100000,953878 words of node,token memory allocated
 742 words of node memory still in use:
   7 hlist, 2 vlist, 2 rule, 4 glue, 4 kern, 1 glyph, 18 attribute, 91 glue_spec
, 11 attribute_list, 3 write nodes
   avail lists: 2:11154,3:3001,4:122,5:204,6:74,7:5009,8:26,9:1229,10:6,11:232
 44350 multiletter control sequences out of 65536+600000
 64 fonts using 4250471 bytes
 88i,11n,89p,451b,895s stack positions out of 10000i,1000n,20000p,200000b,200000s
<c:/users/userpc/appdata/local/programs/miktex/fonts/opentype/public/lm/lmroman1
2-italic.otf><c:/users/userpc/appdata/local/programs/miktex/fonts/opentype/publi
c/lm/lmroman6-regular.otf><c:/users/userpc/appdata/local/programs/miktex/fonts/o
pentype/public/lm/lmroman10-regular.otf><c:/users/userpc/appdata/local/programs/
miktex/fonts/opentype/public/lm/lmroman10-bolditalic.otf><c:/users/userpc/appdat
a/local/programs/miktex/fonts/opentype/public/lm/lmroman12-regular.otf><c:/users
/userpc/appdata/local/programs/miktex/fonts/opentype/public/lm/lmroman12-bold.ot
f><C:/Users/UserPC/AppData/Local/Programs/MiKTeX/fonts/type1/public/amsfonts/cm/
cmex10.pfb><C:/Users/UserPC/AppData/Local/Programs/MiKTeX/fonts/type1/public/ams
fonts/cm/cmmi10.pfb><C:/Users/UserPC/AppData/Local/Programs/MiKTeX/fonts/type1/p
ublic/amsfonts/cm/cmmi12.pfb><C:/Users/UserPC/AppData/Local/Programs/MiKTeX/font
s/type1/public/amsfonts/cm/cmmi8.pfb><C:/Users/UserPC/AppData/Local/Programs/MiK
TeX/fonts/type1/public/amsfonts/cm/cmr10.pfb><C:/Users/UserPC/AppData/Local/Prog
rams/MiKTeX/fonts/type1/public/amsfonts/cm/cmr12.pfb><C:/Users/UserPC/AppData/Lo
cal/Programs/MiKTeX/fonts/type1/public/amsfonts/cm/cmr6.pfb><C:/Users/UserPC/App
Data/Local/Programs/MiKTeX/fonts/type1/public/amsfonts/cm/cmr8.pfb><C:/Users/Use
rPC/AppData/Local/Programs/MiKTeX/fonts/type1/public/amsfonts/cm/cmsy10.pfb><C:/
Users/UserPC/AppData/Local/Programs/MiKTeX/fonts/type1/public/amsfonts/cm/cmsy6.
pfb><C:/Users/UserPC/AppData/Local/Programs/MiKTeX/fonts/type1/public/amsfonts/c
m/cmsy8.pfb><C:/Users/UserPC/AppData/Local/Programs/MiKTeX/fonts/type1/public/am
sfonts/symbols/msbm10.pfb>
Output written on document.pdf (7 pages, 2160185 bytes).

PDF statistics: 130 PDF objects out of 1000 (max. 8388607)
 0 named destinations out of 1000 (max. 131072)
 16 words of extra memory for PDF output out of 10000 (max. 100000000)

